Microsoft (R) Windows (R) Resource Compiler, Version 5.00.1823.1 - Build 1823
Copyright (C) Microsoft Corp. 1985-1998. All rights reserved.

Using codepage 1252 as default
Creating obj\rsrc.res
RC: RCPP -CP 1252 -f C:\Users\User\Programação\Projetos\PacMan\obj\RCa04416 -g C:\Users\User\Programação\Projetos\PacMan\obj\RDa04416 -DRC_INVOKED -D_WIN32 -pc\:/ -E -I. -I src\ -I .

src\rsrc.rc.
Writing ICON:1,	lang:0x409,	size 176
Writing GROUP_ICON:1,	lang:0x409,	size 20.
Writing BITMAP:16,	lang:0x409,	size 166696.
Writing BITMAP:33,	lang:0x409,	size 166696.
Writing BITMAP:32,	lang:0x409,	size 166696
Microsoft (R) Windows Resource To Object Converter Version 5.00.1736.1
Copyright (C) Microsoft Corp. 1992-1997. All rights reserved.

Microsoft (R) Macro Assembler Version 6.14.8444
Copyright (C) Microsoft Corp 1981-1997.  All rights reserved.

 Assembling: src\graphics.asm
 Assembling: src\pacman.asm
 Assembling: src\main.asm

***********
ASCII build
***********

Microsoft (R) Incremental Linker Version 5.12.8078
Copyright (C) Microsoft Corp 1992-1998. All rights reserved.

